<?xml version="1.0" encoding="UTF-8"?>
<!-- Generated by org.testng.reporters.JUnitReportReporter -->
<testsuite hostname="DESKTOP-12H3LVK" failures="0" tests="1" name="gitbashcommands.Demo_class" time="0.030" errors="0" timestamp="2025-06-02T11:06:34 IST" skipped="0">
  <testcase classname="gitbashcommands.Demo_class" name="sample1" time="0.030"/>
  <system-out/>
</testsuite> <!-- gitbashcommands.Demo_class -->
